2020-07-17 01:29:34.494  INFO 1488 --- [restartedMain] c.u.e.pe.sismocaed.SismocaedApplication  : Starting SismocaedApplication on DESKTOP-LE9CUM1 with PID 1488 (D:\SpringProjects\SISMOCAED\target\classes started by Alejandro in D:\SpringProjects\SISMOCAED)
2020-07-17 01:29:34.501  INFO 1488 --- [restartedMain] c.u.e.pe.sismocaed.SismocaedApplication  : No active profile set, falling back to default profiles: default
2020-07-17 01:29:34.553  INFO 1488 --- [restartedMain] .e.DevToolsPropertyDefaultsPostProcessor : Devtools property defaults active! Set 'spring.devtools.add-properties' to 'false' to disable
2020-07-17 01:29:34.553  INFO 1488 --- [restartedMain] .e.DevToolsPropertyDefaultsPostProcessor : For additional web related logging consider setting the 'logging.level.web' property to 'DEBUG'
2020-07-17 01:29:35.635  INFO 1488 --- [restartedMain] .s.d.r.c.RepositoryConfigurationDelegate : Bootstrapping Spring Data JPA repositories in DEFERRED mode.
2020-07-17 01:29:35.754  INFO 1488 --- [restartedMain] .s.d.r.c.RepositoryConfigurationDelegate : Finished Spring Data repository scanning in 112ms. Found 22 JPA repository interfaces.
2020-07-17 01:29:36.399  INFO 1488 --- [restartedMain] o.s.b.w.embedded.tomcat.TomcatWebServer  : Tomcat initialized with port(s): 8080 (http)
2020-07-17 01:29:36.410  INFO 1488 --- [restartedMain] o.apache.catalina.core.StandardService   : Starting service [Tomcat]
2020-07-17 01:29:36.410  INFO 1488 --- [restartedMain] org.apache.catalina.core.StandardEngine  : Starting Servlet engine: [Apache Tomcat/9.0.36]
2020-07-17 01:29:36.533  INFO 1488 --- [restartedMain] o.a.c.c.C.[Tomcat].[localhost].[/]       : Initializing Spring embedded WebApplicationContext
2020-07-17 01:29:36.533  INFO 1488 --- [restartedMain] w.s.c.ServletWebServerApplicationContext : Root WebApplicationContext: initialization completed in 1696 ms
2020-07-17 01:29:36.578  INFO 1488 --- [restartedMain] com.zaxxer.hikari.HikariDataSource       : HikariPool-1 - Starting...
2020-07-17 01:29:37.867  INFO 1488 --- [restartedMain] com.zaxxer.hikari.HikariDataSource       : HikariPool-1 - Start completed.
2020-07-17 01:29:37.876  INFO 1488 --- [restartedMain] o.s.b.a.h2.H2ConsoleAutoConfiguration    : H2 console available at '/h2-console'. Database available at 'jdbc:mysql://35.198.50.127:3306/sismocaed_db1conpartesdechuqui?useUnicode=true&useJDBCCompliantTimezoneShift=true&useLegacyDatetimeCode=false&serverTimezone=UTC'
2020-07-17 01:29:38.020  INFO 1488 --- [restartedMain] o.s.s.concurrent.ThreadPoolTaskExecutor  : Initializing ExecutorService 'applicationTaskExecutor'
2020-07-17 01:29:38.072  INFO 1488 --- [task-1] o.hibernate.jpa.internal.util.LogHelper  : HHH000204: Processing PersistenceUnitInfo [name: default]
2020-07-17 01:29:38.139  INFO 1488 --- [task-1] org.hibernate.Version                    : HHH000412: Hibernate ORM core version 5.4.17.Final
2020-07-17 01:29:38.295  INFO 1488 --- [task-1] o.hibernate.annotations.common.Version   : HCANN000001: Hibernate Commons Annotations {5.1.0.Final}
2020-07-17 01:29:38.323  WARN 1488 --- [restartedMain] JpaBaseConfiguration$JpaWebConfiguration : spring.jpa.open-in-view is enabled by default. Therefore, database queries may be performed during view rendering. Explicitly configure spring.jpa.open-in-view to disable this warning
2020-07-17 01:29:38.482  INFO 1488 --- [task-1] org.hibernate.dialect.Dialect            : HHH000400: Using dialect: org.hibernate.dialect.MySQL57Dialect
2020-07-17 01:29:38.731  INFO 1488 --- [restartedMain] o.s.b.d.a.OptionalLiveReloadServer       : LiveReload server is running on port 35729
2020-07-17 01:29:38.784  INFO 1488 --- [restartedMain] o.s.b.w.embedded.tomcat.TomcatWebServer  : Tomcat started on port(s): 8080 (http) with context path ''
2020-07-17 01:29:38.786  INFO 1488 --- [restartedMain] DeferredRepositoryInitializationListener : Triggering deferred initialization of Spring Data repositories…
2020-07-17 01:29:49.719  INFO 1488 --- [task-1] o.h.e.t.j.p.i.JtaPlatformInitiator       : HHH000490: Using JtaPlatform implementation: [org.hibernate.engine.transaction.jta.platform.internal.NoJtaPlatform]
2020-07-17 01:29:49.730  INFO 1488 --- [task-1] j.LocalContainerEntityManagerFactoryBean : Initialized JPA EntityManagerFactory for persistence unit 'default'
2020-07-17 01:29:50.132  INFO 1488 --- [restartedMain] DeferredRepositoryInitializationListener : Spring Data repositories initialized!
2020-07-17 01:29:50.144  INFO 1488 --- [restartedMain] c.u.e.pe.sismocaed.SismocaedApplication  : Started SismocaedApplication in 16.088 seconds (JVM running for 17.132)
2020-07-17 01:31:50.545  INFO 1488 --- [http-nio-8080-exec-2] o.a.c.c.C.[Tomcat].[localhost].[/]       : Initializing Spring DispatcherServlet 'dispatcherServlet'
2020-07-17 01:31:50.545  INFO 1488 --- [http-nio-8080-exec-2] o.s.web.servlet.DispatcherServlet        : Initializing Servlet 'dispatcherServlet'
2020-07-17 01:31:50.554  INFO 1488 --- [http-nio-8080-exec-2] o.s.web.servlet.DispatcherServlet        : Completed initialization in 9 ms
2020-07-17 01:31:50.837 DEBUG 1488 --- [http-nio-8080-exec-2] org.hibernate.SQL                        : insert into publicidad (estado, pic, titulo, url_imagen) values (?, ?, ?, ?)
2020-07-17 01:32:03.158  WARN 1488 --- [http-nio-8080-exec-3] .w.s.m.s.DefaultHandlerExceptionResolver : Resolved [org.springframework.web.HttpRequestMethodNotSupportedException: Request method 'POST' not supported]
2020-07-17 01:32:10.767 DEBUG 1488 --- [http-nio-8080-exec-4] org.hibernate.SQL                        : select publicidad0_.idpublicidad as idpublic1_16_, publicidad0_.estado as estado2_16_, publicidad0_.pic as pic3_16_, publicidad0_.titulo as titulo4_16_, publicidad0_.url_imagen as url_imag5_16_ from publicidad publicidad0_
2020-07-17 01:32:21.193 DEBUG 1488 --- [http-nio-8080-exec-5] org.hibernate.SQL                        : select publicidad0_.idpublicidad as idpublic1_16_0_, publicidad0_.estado as estado2_16_0_, publicidad0_.pic as pic3_16_0_, publicidad0_.titulo as titulo4_16_0_, publicidad0_.url_imagen as url_imag5_16_0_ from publicidad publicidad0_ where publicidad0_.idpublicidad=?
2020-07-17 01:33:55.455  INFO 1488 --- [RMI TCP Connection(14)-127.0.0.1] inMXBeanRegistrar$SpringApplicationAdmin : Application shutdown requested.
2020-07-17 01:33:55.514  INFO 1488 --- [RMI TCP Connection(14)-127.0.0.1] j.LocalContainerEntityManagerFactoryBean : Closing JPA EntityManagerFactory for persistence unit 'default'
2020-07-17 01:33:55.516  INFO 1488 --- [RMI TCP Connection(14)-127.0.0.1] o.s.s.concurrent.ThreadPoolTaskExecutor  : Shutting down ExecutorService 'applicationTaskExecutor'
2020-07-17 01:33:55.518  INFO 1488 --- [RMI TCP Connection(14)-127.0.0.1] com.zaxxer.hikari.HikariDataSource       : HikariPool-1 - Shutdown initiated...
2020-07-17 01:33:55.530  INFO 1488 --- [RMI TCP Connection(14)-127.0.0.1] com.zaxxer.hikari.HikariDataSource       : HikariPool-1 - Shutdown completed.
2020-07-17 01:36:26.073  INFO 10836 --- [restartedMain] c.u.e.pe.sismocaed.SismocaedApplication  : Starting SismocaedApplication on DESKTOP-LE9CUM1 with PID 10836 (D:\SpringProjects\SISMOCAED\target\classes started by Alejandro in D:\SpringProjects\SISMOCAED)
2020-07-17 01:36:26.075  INFO 10836 --- [restartedMain] c.u.e.pe.sismocaed.SismocaedApplication  : No active profile set, falling back to default profiles: default
2020-07-17 01:36:26.119  INFO 10836 --- [restartedMain] .e.DevToolsPropertyDefaultsPostProcessor : Devtools property defaults active! Set 'spring.devtools.add-properties' to 'false' to disable
2020-07-17 01:36:26.120  INFO 10836 --- [restartedMain] .e.DevToolsPropertyDefaultsPostProcessor : For additional web related logging consider setting the 'logging.level.web' property to 'DEBUG'
2020-07-17 01:36:26.906  INFO 10836 --- [restartedMain] .s.d.r.c.RepositoryConfigurationDelegate : Bootstrapping Spring Data JPA repositories in DEFERRED mode.
2020-07-17 01:36:27.038  INFO 10836 --- [restartedMain] .s.d.r.c.RepositoryConfigurationDelegate : Finished Spring Data repository scanning in 126ms. Found 22 JPA repository interfaces.
2020-07-17 01:36:27.645  INFO 10836 --- [restartedMain] o.s.b.w.embedded.tomcat.TomcatWebServer  : Tomcat initialized with port(s): 8080 (http)
2020-07-17 01:36:27.656  INFO 10836 --- [restartedMain] o.apache.catalina.core.StandardService   : Starting service [Tomcat]
2020-07-17 01:36:27.656  INFO 10836 --- [restartedMain] org.apache.catalina.core.StandardEngine  : Starting Servlet engine: [Apache Tomcat/9.0.36]
2020-07-17 01:36:27.766  INFO 10836 --- [restartedMain] o.a.c.c.C.[Tomcat].[localhost].[/]       : Initializing Spring embedded WebApplicationContext
2020-07-17 01:36:27.767  INFO 10836 --- [restartedMain] w.s.c.ServletWebServerApplicationContext : Root WebApplicationContext: initialization completed in 1647 ms
2020-07-17 01:36:27.806  INFO 10836 --- [restartedMain] com.zaxxer.hikari.HikariDataSource       : HikariPool-1 - Starting...
2020-07-17 01:36:29.168  INFO 10836 --- [restartedMain] com.zaxxer.hikari.HikariDataSource       : HikariPool-1 - Start completed.
2020-07-17 01:36:29.176  INFO 10836 --- [restartedMain] o.s.b.a.h2.H2ConsoleAutoConfiguration    : H2 console available at '/h2-console'. Database available at 'jdbc:mysql://35.198.50.127:3306/sismocaed_db1conpartesdechuqui?useUnicode=true&useJDBCCompliantTimezoneShift=true&useLegacyDatetimeCode=false&serverTimezone=UTC'
2020-07-17 01:36:29.325  INFO 10836 --- [restartedMain] o.s.s.concurrent.ThreadPoolTaskExecutor  : Initializing ExecutorService 'applicationTaskExecutor'
2020-07-17 01:36:29.370  INFO 10836 --- [task-1] o.hibernate.jpa.internal.util.LogHelper  : HHH000204: Processing PersistenceUnitInfo [name: default]
2020-07-17 01:36:29.424  INFO 10836 --- [task-1] org.hibernate.Version                    : HHH000412: Hibernate ORM core version 5.4.17.Final
2020-07-17 01:36:29.578  INFO 10836 --- [task-1] o.hibernate.annotations.common.Version   : HCANN000001: Hibernate Commons Annotations {5.1.0.Final}
2020-07-17 01:36:29.610  WARN 10836 --- [restartedMain] JpaBaseConfiguration$JpaWebConfiguration : spring.jpa.open-in-view is enabled by default. Therefore, database queries may be performed during view rendering. Explicitly configure spring.jpa.open-in-view to disable this warning
2020-07-17 01:36:29.766  INFO 10836 --- [task-1] org.hibernate.dialect.Dialect            : HHH000400: Using dialect: org.hibernate.dialect.MySQL57Dialect
2020-07-17 01:36:30.006  INFO 10836 --- [restartedMain] o.s.b.d.a.OptionalLiveReloadServer       : LiveReload server is running on port 35729
2020-07-17 01:36:30.068  INFO 10836 --- [restartedMain] o.s.b.w.embedded.tomcat.TomcatWebServer  : Tomcat started on port(s): 8080 (http) with context path ''
2020-07-17 01:36:30.071  INFO 10836 --- [restartedMain] DeferredRepositoryInitializationListener : Triggering deferred initialization of Spring Data repositories…
2020-07-17 01:36:41.470  INFO 10836 --- [task-1] o.h.e.t.j.p.i.JtaPlatformInitiator       : HHH000490: Using JtaPlatform implementation: [org.hibernate.engine.transaction.jta.platform.internal.NoJtaPlatform]
2020-07-17 01:36:41.477  INFO 10836 --- [task-1] j.LocalContainerEntityManagerFactoryBean : Initialized JPA EntityManagerFactory for persistence unit 'default'
2020-07-17 01:36:41.856  INFO 10836 --- [restartedMain] DeferredRepositoryInitializationListener : Spring Data repositories initialized!
2020-07-17 01:36:41.865  INFO 10836 --- [restartedMain] c.u.e.pe.sismocaed.SismocaedApplication  : Started SismocaedApplication in 16.131 seconds (JVM running for 16.999)
2020-07-17 01:36:46.903  INFO 10836 --- [RMI TCP Connection(2)-127.0.0.1] inMXBeanRegistrar$SpringApplicationAdmin : Application shutdown requested.
2020-07-17 01:36:46.966  INFO 10836 --- [RMI TCP Connection(2)-127.0.0.1] j.LocalContainerEntityManagerFactoryBean : Closing JPA EntityManagerFactory for persistence unit 'default'
2020-07-17 01:36:46.968  INFO 10836 --- [RMI TCP Connection(2)-127.0.0.1] o.s.s.concurrent.ThreadPoolTaskExecutor  : Shutting down ExecutorService 'applicationTaskExecutor'
2020-07-17 01:36:46.971  INFO 10836 --- [RMI TCP Connection(2)-127.0.0.1] com.zaxxer.hikari.HikariDataSource       : HikariPool-1 - Shutdown initiated...
2020-07-17 01:36:46.983  INFO 10836 --- [RMI TCP Connection(2)-127.0.0.1] com.zaxxer.hikari.HikariDataSource       : HikariPool-1 - Shutdown completed.
